[debug] [2021-10-19T16:25:01.240Z] ----------------------------------------------------------------------
[debug] [2021-10-19T16:25:01.241Z] Command:       D:\node.exe C:\Users\yechi\AppData\Roaming\npm\node_modules\firebase-tools\lib\bin\firebase.js deploy
[debug] [2021-10-19T16:25:01.242Z] CLI Version:   9.20.0
[debug] [2021-10-19T16:25:01.242Z] Platform:      win32
[debug] [2021-10-19T16:25:01.242Z] Node Version:  v16.3.0
[debug] [2021-10-19T16:25:01.243Z] Time:          Tue Oct 19 2021 19:25:01 GMT+0300 (שעון ישראל (קיץ))
[debug] [2021-10-19T16:25:01.243Z] ----------------------------------------------------------------------
[debug] 
[debug] [2021-10-19T16:25:01.253Z] >>> [apiv2][query] GET https://firebase-public.firebaseio.com/cli.json [none]
[debug] [2021-10-19T16:25:01.346Z] > command requires scopes: ["email","openid","https://www.googleapis.com/auth/cloudplatformprojects.readonly","https://www.googleapis.com/auth/firebase","https://www.googleapis.com/auth/cloud-platform"]
[debug] [2021-10-19T16:25:01.346Z] > authorizing via signed-in user (yechielb2000@gmail.com)
[debug] [2021-10-19T16:25:01.346Z] [iam] checking project devs-clan for permissions ["firebase.projects.get","firebasedatabase.instances.update","firebasehosting.sites.update"]
[debug] [2021-10-19T16:25:01.348Z] > refreshing access token with scopes: ["email","https://www.googleapis.com/auth/cloud-platform","https://www.googleapis.com/auth/cloudplatformprojects.readonly","https://www.googleapis.com/auth/firebase","openid"]
[debug] [2021-10-19T16:25:01.348Z] >>> HTTP REQUEST POST https://www.googleapis.com/oauth2/v3/token  
 <request body omitted>
[debug] [2021-10-19T16:25:02.977Z] <<< HTTP RESPONSE 200 {"pragma":"no-cache","date":"Tue, 19 Oct 2021 16:25:03 GMT","expires":"Mon, 01 Jan 1990 00:00:00 GMT","cache-control":"no-cache, no-store, max-age=0, must-revalidate","content-type":"application/json; charset=utf-8","vary":"X-Origin, Referer, Origin,Accept-Encoding","server":"scaffolding on HTTPServer2","x-xss-protection":"0","x-frame-options":"SAMEORIGIN","x-content-type-options":"nosniff","alt-svc":"h3=\":443\"; ma=2592000,h3-29=\":443\"; ma=2592000,h3-T051=\":443\"; ma=2592000,h3-Q050=\":443\"; ma=2592000,h3-Q046=\":443\"; ma=2592000,h3-Q043=\":443\"; ma=2592000,quic=\":443\"; ma=2592000; v=\"46,43\"","accept-ranges":"none","transfer-encoding":"chunked"}
[debug] [2021-10-19T16:25:03.157Z] >>> HTTP REQUEST POST https://cloudresourcemanager.googleapis.com/v1/projects/devs-clan:testIamPermissions  
 {"permissions":["firebase.projects.get","firebasedatabase.instances.update","firebasehosting.sites.update"]}
[debug] [2021-10-19T16:25:03.877Z] <<< [apiv2][status] GET https://firebase-public.firebaseio.com/cli.json 200
[debug] [2021-10-19T16:25:03.877Z] <<< [apiv2][body] GET https://firebase-public.firebaseio.com/cli.json {"cloudBuildErrorAfter":1594252800000,"cloudBuildWarnAfter":1590019200000,"defaultNode10After":1594252800000,"minVersion":"3.0.5","node8DeploysDisabledAfter":1613390400000,"node8RuntimeDisabledAfter":1615809600000,"node8WarnAfter":1600128000000}
[debug] [2021-10-19T16:25:04.287Z] <<< HTTP RESPONSE 200 {"content-type":"application/json; charset=UTF-8","vary":"X-Origin, Referer, Origin,Accept-Encoding","date":"Tue, 19 Oct 2021 16:25:04 GMT","server":"ESF","cache-control":"private","x-xss-protection":"0","x-frame-options":"SAMEORIGIN","x-content-type-options":"nosniff","server-timing":"gfet4t7; dur=607","alt-svc":"h3=\":443\"; ma=2592000,h3-29=\":443\"; ma=2592000,h3-T051=\":443\"; ma=2592000,h3-Q050=\":443\"; ma=2592000,h3-Q046=\":443\"; ma=2592000,h3-Q043=\":443\"; ma=2592000,quic=\":443\"; ma=2592000; v=\"46,43\"","accept-ranges":"none","transfer-encoding":"chunked"}
[debug] [2021-10-19T16:25:04.290Z] > refreshing access token with scopes: []
[debug] [2021-10-19T16:25:04.291Z] >>> HTTP REQUEST POST https://www.googleapis.com/oauth2/v3/token  
 <request body omitted>
[debug] [2021-10-19T16:25:05.125Z] <<< HTTP RESPONSE 200 {"date":"Tue, 19 Oct 2021 16:25:05 GMT","cache-control":"no-cache, no-store, max-age=0, must-revalidate","pragma":"no-cache","expires":"Mon, 01 Jan 1990 00:00:00 GMT","content-type":"application/json; charset=utf-8","vary":"X-Origin, Referer, Origin,Accept-Encoding","server":"scaffolding on HTTPServer2","x-xss-protection":"0","x-frame-options":"SAMEORIGIN","x-content-type-options":"nosniff","alt-svc":"h3=\":443\"; ma=2592000,h3-29=\":443\"; ma=2592000,h3-T051=\":443\"; ma=2592000,h3-Q050=\":443\"; ma=2592000,h3-Q046=\":443\"; ma=2592000,h3-Q043=\":443\"; ma=2592000,quic=\":443\"; ma=2592000; v=\"46,43\"","accept-ranges":"none","transfer-encoding":"chunked"}
[debug] [2021-10-19T16:25:05.395Z] >>> [apiv2][query] GET https://firebase.googleapis.com/v1beta1/projects/devs-clan [none]
[debug] [2021-10-19T16:25:06.217Z] <<< [apiv2][status] GET https://firebase.googleapis.com/v1beta1/projects/devs-clan 200
[debug] [2021-10-19T16:25:06.217Z] <<< [apiv2][body] GET https://firebase.googleapis.com/v1beta1/projects/devs-clan {"projectId":"devs-clan","projectNumber":"606508655428","displayName":"devs-clan-site","name":"projects/devs-clan","resources":{"hostingSite":"devs-clan","realtimeDatabaseInstance":"devs-clan-default-rtdb","storageBucket":"devs-clan.appspot.com","locationId":"us-central"},"state":"ACTIVE"}
[debug] [2021-10-19T16:25:06.218Z] >>> [apiv2][query] GET https://firebase.googleapis.com/v1beta1/projects/devs-clan [none]
[debug] [2021-10-19T16:25:07.051Z] <<< [apiv2][status] GET https://firebase.googleapis.com/v1beta1/projects/devs-clan 200
[debug] [2021-10-19T16:25:07.051Z] <<< [apiv2][body] GET https://firebase.googleapis.com/v1beta1/projects/devs-clan {"projectId":"devs-clan","projectNumber":"606508655428","displayName":"devs-clan-site","name":"projects/devs-clan","resources":{"hostingSite":"devs-clan","realtimeDatabaseInstance":"devs-clan-default-rtdb","storageBucket":"devs-clan.appspot.com","locationId":"us-central"},"state":"ACTIVE"}
[info] 
[info] === Deploying to 'devs-clan'...
[info] 
[info] i  deploying database, hosting 
[info] i  database: checking rules syntax... 
[debug] [2021-10-19T16:25:07.061Z] > refreshing access token with scopes: ["email","https://www.googleapis.com/auth/cloud-platform","https://www.googleapis.com/auth/cloudplatformprojects.readonly","https://www.googleapis.com/auth/firebase","openid"]
[debug] [2021-10-19T16:25:07.062Z] >>> HTTP REQUEST POST https://www.googleapis.com/oauth2/v3/token  
 <request body omitted>
